Watching for file changes with StatReloader
Performing system checks...

System check identified some issues:

WARNINGS:
todos.Todo: (models.W042) Auto-created primary key used when not defining a primary key type, by default 'django.db.models.AutoField'.
	HINT: Configure the DEFAULT_AUTO_FIELD setting or the TodosConfig.default_auto_field attribute to point to a subclass of AutoField, e.g. 'django.db.models.BigAutoField'.

System check identified 1 issue (0 silenced).
April 23, 2023 - 01:18:39
Django version 4.2, using settings 'todoApp.settings'
Starting development server at http://127.0.0.1:8000/
Quit the server with CONTROL-C.

Unknown command: 'runserver0.0.0:8000'. Did you mean runserver?
Type 'manage.py help' for usage.
Watching for file changes with StatReloader
Performing system checks...

System check identified some issues:

WARNINGS:
todos.Todo: (models.W042) Auto-created primary key used when not defining a primary key type, by default 'django.db.models.AutoField'.
	HINT: Configure the DEFAULT_AUTO_FIELD setting or the TodosConfig.default_auto_field attribute to point to a subclass of AutoField, e.g. 'django.db.models.BigAutoField'.

System check identified 1 issue (0 silenced).
April 23, 2023 - 01:20:43
Django version 4.2, using settings 'todoApp.settings'
Starting development server at http://0.0.0:8000/
Quit the server with CONTROL-C.

[23/Apr/2023 01:20:50] "GET /todos/ HTTP/1.1" 200 3515
[23/Apr/2023 01:20:50] "GET /static/css/style.css HTTP/1.1" 304 0
[23/Apr/2023 01:21:05] "POST /todos/add/ HTTP/1.1" 302 0
[23/Apr/2023 01:21:05] "GET /todos/ HTTP/1.1" 200 4100
[23/Apr/2023 01:21:14] "POST /todos/2/update HTTP/1.1" 302 0
[23/Apr/2023 01:21:15] "GET /todos/ HTTP/1.1" 200 4137
[23/Apr/2023 01:21:17] "GET /todos/2/delete HTTP/1.1" 302 0
[23/Apr/2023 01:21:17] "GET /todos/ HTTP/1.1" 200 3508
